  Source.cpp
C:\Users\User\source\repos\PFE\ProjetFinEtudes\Source.cpp(238,42): warning C4244: 'argument' : conversion de 'double' en 'const unsigned __int64', perte possible de données
C:\Users\User\source\repos\PFE\ProjetFinEtudes\Source.cpp(238,66): warning C4244: 'argument' : conversion de 'double' en 'const unsigned __int64', perte possible de données
C:\Users\User\source\repos\PFE\ProjetFinEtudes\Source.cpp(238,76): warning C4244: 'argument' : conversion de '_Tp' en '_Tp', perte possible de données
          with
          [
              _Tp=int
          ]
          and
          [
              _Tp=float
          ]
C:\Users\User\source\repos\PFE\ProjetFinEtudes\Source.cpp(238,52): warning C4244: 'argument' : conversion de '_Tp' en '_Tp', perte possible de données
          with
          [
              _Tp=int
          ]
          and
          [
              _Tp=float
          ]
C:\Users\User\source\repos\PFE\ProjetFinEtudes\Source.cpp(239,42): warning C4244: 'argument' : conversion de 'double' en 'const unsigned __int64', perte possible de données
C:\Users\User\source\repos\PFE\ProjetFinEtudes\Source.cpp(239,66): warning C4244: 'argument' : conversion de 'double' en 'const unsigned __int64', perte possible de données
C:\Users\User\source\repos\PFE\ProjetFinEtudes\Source.cpp(239,76): warning C4244: 'argument' : conversion de '_Tp' en '_Tp', perte possible de données
          with
          [
              _Tp=int
          ]
          and
          [
              _Tp=float
          ]
C:\Users\User\source\repos\PFE\ProjetFinEtudes\Source.cpp(239,52): warning C4244: 'argument' : conversion de '_Tp' en '_Tp', perte possible de données
          with
          [
              _Tp=int
          ]
          and
          [
              _Tp=float
          ]
C:\Users\User\source\repos\PFE\ProjetFinEtudes\Source.cpp(241,42): warning C4244: 'argument' : conversion de 'double' en 'const unsigned __int64', perte possible de données
C:\Users\User\source\repos\PFE\ProjetFinEtudes\Source.cpp(241,66): warning C4244: 'argument' : conversion de 'double' en 'const unsigned __int64', perte possible de données
C:\Users\User\source\repos\PFE\ProjetFinEtudes\Source.cpp(241,76): warning C4244: 'argument' : conversion de '_Tp' en '_Tp', perte possible de données
          with
          [
              _Tp=int
          ]
          and
          [
              _Tp=float
          ]
C:\Users\User\source\repos\PFE\ProjetFinEtudes\Source.cpp(241,52): warning C4244: 'argument' : conversion de '_Tp' en '_Tp', perte possible de données
          with
          [
              _Tp=int
          ]
          and
          [
              _Tp=float
          ]
C:\Users\User\source\repos\PFE\ProjetFinEtudes\Source.cpp(242,42): warning C4244: 'argument' : conversion de 'double' en 'const unsigned __int64', perte possible de données
C:\Users\User\source\repos\PFE\ProjetFinEtudes\Source.cpp(242,66): warning C4244: 'argument' : conversion de 'double' en 'const unsigned __int64', perte possible de données
C:\Users\User\source\repos\PFE\ProjetFinEtudes\Source.cpp(242,76): warning C4244: 'argument' : conversion de '_Tp' en '_Tp', perte possible de données
          with
          [
              _Tp=int
          ]
          and
          [
              _Tp=float
          ]
C:\Users\User\source\repos\PFE\ProjetFinEtudes\Source.cpp(242,52): warning C4244: 'argument' : conversion de '_Tp' en '_Tp', perte possible de données
          with
          [
              _Tp=int
          ]
          and
          [
              _Tp=float
          ]
C:\Users\User\source\repos\PFE\ProjetFinEtudes\Source.cpp(243,42): warning C4244: 'argument' : conversion de 'double' en 'const unsigned __int64', perte possible de données
C:\Users\User\source\repos\PFE\ProjetFinEtudes\Source.cpp(243,66): warning C4244: 'argument' : conversion de 'double' en 'const unsigned __int64', perte possible de données
C:\Users\User\source\repos\PFE\ProjetFinEtudes\Source.cpp(243,76): warning C4244: 'argument' : conversion de '_Tp' en '_Tp', perte possible de données
          with
          [
              _Tp=int
          ]
          and
          [
              _Tp=float
          ]
C:\Users\User\source\repos\PFE\ProjetFinEtudes\Source.cpp(243,52): warning C4244: 'argument' : conversion de '_Tp' en '_Tp', perte possible de données
          with
          [
              _Tp=int
          ]
          and
          [
              _Tp=float
          ]
C:\Users\User\source\repos\PFE\ProjetFinEtudes\Source.cpp(244,42): warning C4244: 'argument' : conversion de 'double' en 'const unsigned __int64', perte possible de données
C:\Users\User\source\repos\PFE\ProjetFinEtudes\Source.cpp(244,66): warning C4244: 'argument' : conversion de 'double' en 'const unsigned __int64', perte possible de données
C:\Users\User\source\repos\PFE\ProjetFinEtudes\Source.cpp(244,76): warning C4244: 'argument' : conversion de '_Tp' en '_Tp', perte possible de données
          with
          [
              _Tp=int
          ]
          and
          [
              _Tp=float
          ]
C:\Users\User\source\repos\PFE\ProjetFinEtudes\Source.cpp(244,52): warning C4244: 'argument' : conversion de '_Tp' en '_Tp', perte possible de données
          with
          [
              _Tp=int
          ]
          and
          [
              _Tp=float
          ]
C:\Users\User\source\repos\PFE\ProjetFinEtudes\Source.cpp(306,39): warning C4244: 'argument' : conversion de 'double' en 'const unsigned __int64', perte possible de données
C:\Users\User\source\repos\PFE\ProjetFinEtudes\Source.cpp(306,94): warning C4244: 'argument' : conversion de 'double' en 'const unsigned __int64', perte possible de données
C:\Users\User\source\repos\PFE\ProjetFinEtudes\Source.cpp(310,39): warning C4244: 'argument' : conversion de 'double' en 'const unsigned __int64', perte possible de données
C:\Users\User\source\repos\PFE\ProjetFinEtudes\Source.cpp(310,94): warning C4244: 'argument' : conversion de 'double' en 'const unsigned __int64', perte possible de données
C:\Users\User\source\repos\PFE\ProjetFinEtudes\Source.cpp(316,34): warning C4244: 'argument' : conversion de 'double' en 'const unsigned __int64', perte possible de données
C:\Users\User\source\repos\PFE\ProjetFinEtudes\Source.cpp(317,34): warning C4244: 'argument' : conversion de 'double' en 'const unsigned __int64', perte possible de données
C:\Users\User\source\repos\PFE\ProjetFinEtudes\Source.cpp(318,34): warning C4244: 'argument' : conversion de 'double' en 'const unsigned __int64', perte possible de données
C:\Users\User\source\repos\PFE\ProjetFinEtudes\Source.cpp(319,34): warning C4244: 'argument' : conversion de 'double' en 'const unsigned __int64', perte possible de données
  Génération de code en cours
  1 of 220 functions ( 0.5%) were compiled, the rest were copied from previous compilation.
    0 functions were new in current compilation
    0 functions had inline decision re-evaluated but remain unchanged
  Fin de la génération du code
  ProjetFinEtudes.vcxproj -> C:\Users\User\source\repos\PFE\ProjetFinEtudes\x64\Release\ProjetFinEtudes.exe
